[13:59:32] [main/INFO]: Setting user: KrishenK
[13:59:33] [Client thread/INFO]: LWJGL Version: 2.9.1
[13:59:39] [Client thread/INFO]: Reloading ResourceManager: Default, FMLFileResourcePack:Forge Mod Loader, FMLFileResourcePack:Minecraft Forge, FMLFileResourcePack:Castel
[13:59:40] [Sound Library Loader/INFO]: Sound engine started
[13:59:42] [Client thread/INFO]: Created: 16x16 textures/blocks-atlas
[13:59:42] [Client thread/INFO]: Created: 16x16 textures/items-atlas
[13:59:42] [Client thread/INFO]: Reloading ResourceManager: Default, FMLFileResourcePack:Forge Mod Loader, FMLFileResourcePack:Minecraft Forge, FMLFileResourcePack:Castel
[13:59:42] [Client thread/INFO]: Created: 512x256 textures/blocks-atlas
[13:59:42] [Client thread/INFO]: Created: 256x256 textures/items-atlas
[13:59:43] [Sound Library Loader/INFO]: Sound engine started
[13:59:50] [Server thread/INFO]: Starting integrated minecraft server version 1.7.10
[13:59:50] [Server thread/INFO]: Generating keypair
[13:59:50] [Server thread/INFO]: Preparing start region for level 0
[13:59:50] [Server thread/INFO]: Changing view distance to 12, from 10
[13:59:51] [Server thread/INFO]: KrishenK[local:E:aaec506a] logged in with entity id 125 at (-1005.303486701078, 4.0, -51.78251544831807)
[13:59:51] [Server thread/INFO]: KrishenK joined the game
[13:59:57] [Server thread/INFO]: Saving and pausing game...
[13:59:57] [Server thread/INFO]: Saving chunks for level 'New World'/Overworld
[13:59:57] [Server thread/INFO]: Saving chunks for level 'New World'/Nether
[13:59:57] [Server thread/INFO]: Saving chunks for level 'New World'/The End
[14:00:30] [Server thread/INFO]: Saving and pausing game...
[14:00:30] [Server thread/INFO]: Saving chunks for level 'New World'/Overworld
[14:00:30] [Server thread/INFO]: Saving chunks for level 'New World'/Nether
[14:00:30] [Server thread/INFO]: Saving chunks for level 'New World'/The End
[14:00:58] [Server thread/INFO]: Saving and pausing game...
[14:00:58] [Server thread/INFO]: Saving chunks for level 'New World'/Overworld
[14:00:58] [Server thread/INFO]: Saving chunks for level 'New World'/Nether
[14:00:58] [Server thread/INFO]: Saving chunks for level 'New World'/The End
[14:00:58] [Server thread/INFO]: Stopping server
[14:00:58] [Server thread/INFO]: Saving players
[14:00:58] [Server thread/INFO]: Saving worlds
[14:00:58] [Server thread/INFO]: Saving chunks for level 'New World'/Overworld
[14:00:58] [Server thread/INFO]: Saving chunks for level 'New World'/Nether
[14:00:58] [Server thread/INFO]: Saving chunks for level 'New World'/The End
[14:00:59] [Client thread/INFO]: Connecting to localhost, 25565
[14:01:11] [Client thread/INFO]: [CHAT] Given Speed (ID 1) * 1 to KrishenK for 10 seconds
[14:01:26] [Client thread/INFO]: Stopping!
 entity id 288 at (-138.41893978516896, 89.0, 178.96308857490413)
[14:01:00] [Server thread/INFO]: KrishenK joined the game
[14:01:11] [Server thread/INFO]: [KrishenK: Given Speed (ID 1) * 1 to KrishenK for 10 seconds]
[14:01:25] [Server thread/INFO]: KrishenK lost connection: TextComponent{text='Disconnected', siblings=[], style=Style{hasParent=false, color=null, bold=null, italic=null, underlined=null, obfuscated=null, clickEvent=null, hoverEvent=null}}
[14:01:25] [Server thread/INFO]: KrishenK left the game
[14:03:00] [Server thread/INFO]: KrishenK[/127.0.0.1:54187] logged in with entity id 1530 at (-139.2282840578912, 90.0, 177.37407344961662)
[14:03:00] [Server thread/INFO]: KrishenK joined the game
[14:20:51] [Server thread/INFO]: KrishenK lost connection: TranslatableComponent{key='disconnect.genericReason', args=[Internal Exception: java.io.IOException: Une connexion existante a dû être fermée par l’hôte distant], siblings=[], style=Style{hasParent=false, color=null, bold=null, italic=null, underlined=null, obfuscated=null, clickEvent=null, hoverEvent=null}}
[14:20:51] [Server thread/INFO]: KrishenK left the game
[14:23:35] [Server thread/INFO]: KrishenK[/127.0.0.1:54857] logged in with entity id 26869 at (-139.2282840578912, 90.0, 177.37407344961662)
[14:23:35] [Server thread/INFO]: KrishenK joined the game
[14:35:28] [Server thread/INFO]: KrishenK lost connection: TranslatableComponent{key='disconnect.genericReason', args=[Internal Exception: java.io.IOException: Une connexion existante a dû être fermée par l’hôte distant], siblings=[], style=Style{hasParent=false, color=null, bold=null, italic=null, underlined=null, obfuscated=null, clickEvent=null, hoverEvent=null}}
[14:35:28] [Server thread/INFO]: KrishenK left the game
[14:37:17] [Server thread/INFO]: KrishenK[/127.0.0.1:60458] logged in with entity id 43739 at (-138.2569041540367, 91.0, 176.86947120676834)
[14:37:17] [Server thread/INFO]: KrishenK joined the game
[14:39:43] [Server thread/INFO]: [KrishenK: Set own game mode to Creative Mode]
[14:39:45] [Server thread/INFO]: KrishenK has just earned the achievement [Taking Inventory]
[14:39:48] [Server thread/INFO]: [KrishenK: Set own game mode to Survival Mode]
[14:40:02] [Server thread/INFO]: [KrishenK: Set own game mode to Survival Mode]
[14:40:03] [Server thread/INFO]: [KrishenK: Set own game mode to Creative Mode]
[14:40:19] [Server thread/INFO]: [KrishenK: Set own game mode to Survival Mode]
[14:40:21] [Server thread/INFO]: [KrishenK: Set own game mode to Creative Mode]
[14:40:50] [Server thread/INFO]: [KrishenK: Set own game mode to Survival Mode]
[14:41:01] [Server thread/INFO]: [KrishenK: Given Speed (ID 1) * 1 to KrishenK for 10 seconds]
[14:42:05] [Server thread/INFO]: [KrishenK: Given Speed (ID 1) * 1 to KrishenK for 10 seconds]
[14:42:19] [Server thread/INFO]: [KrishenK: Set own game mode to Creative Mode]
[14:42:49] [Server thread/INFO]: [KrishenK: Set own game mode to Survival Mode]
[14:46:40] [Server thread/INFO]: KrishenK lost connection: TranslatableComponent{key='disconnect.genericReason', args=[Internal Exception: java.io.IOException: Une connexion existante a dû être fermée par l’hôte distant], siblings=[], style=Style{hasParent=false, color=null, bold=null, italic=null, underlined=null, obfuscated=null, clickEvent=null, hoverEvent=null}}
[14:46:40] [Server thread/INFO]: KrishenK left the game
our game mode has been updated
[14:39:45] [Client thread/INFO]: [CHAT] KrishenK has just earned the achievement [Taking Inventory]
[14:39:48] [Client thread/INFO]: [CHAT] Your game mode has been updated
[14:40:02] [Client thread/INFO]: [CHAT] Your game mode has been updated
[14:40:03] [Client thread/INFO]: [CHAT] Your game mode has been updated
[14:40:19] [Client thread/INFO]: [CHAT] Your game mode has been updated
[14:40:21] [Client thread/INFO]: [CHAT] Your game mode has been updated
[14:40:50] [Client thread/INFO]: [CHAT] Your game mode has been updated
[14:41:01] [Client thread/INFO]: [CHAT] Given Speed (ID 1) * 1 to KrishenK for 10 seconds
[14:42:05] [Client thread/INFO]: [CHAT] Given Speed (ID 1) * 1 to KrishenK for 10 seconds
[14:42:19] [Client thread/INFO]: [CHAT] Your game mode has been updated
[14:42:49] [Client thread/INFO]: [CHAT] Your game mode has been updated
