[23:40:00] [main/INFO]: Setting user: KrishenK
[23:40:03] [Client thread/INFO]: LWJGL Version: 2.9.1
[23:40:19] [Client thread/INFO]: Reloading ResourceManager: Default, FMLFileResourcePack:Forge Mod Loader, FMLFileResourcePack:Minecraft Forge, FMLFileResourcePack:Castel
[23:40:21] [Sound Library Loader/INFO]: Sound engine started
[23:40:27] [Client thread/INFO]: Created: 16x16 textures/blocks-atlas
[23:[23:40:29] [Server thread/INFO]: Loading properties
[23:40:29] [Server thread/INFO]: Default game type: SURVIVAL
[23:40:29] [Server thread/INFO]: Generating keypair
[23:40:30] [Server thread/INFO]: Starting Minecraft server on *:25565
[23:40:30] [Server thread/WARN]: **** SERVER IS RUNNING IN OFFLINE/INSECURE MODE!
[23:40:30] [Server thread/WARN]: The server will make no attempt to authenticate usernames. Beware.
[23:40:30] [Server thr[23:40:42] [Client thread/INFO]: Connecting to localhost, 25565
[23:40:48] [Client thread/INFO]: [CHAT] Set the time to 1000
[23:40:49] [Client thread/INFO]: [CHAT] /gamemode, /gamerule
[23:40:51] [Client thread/INFO]: [CHAT] /defaultgamemode, /msg, /summon, /spreadplayers, /achievement, /tellraw, /tell, /deop, /gamemode, /ban, /save-on, /toggledownfall, /testforblock, /weather, /me, /scoreboard, /give, /pardon, /whitelist, /spawnpoint, /list, /netstat, /difficulty, /stop, /save-all, /forge, /effect, /?, /testfor, /seed, /banlist, /setidletimeout, /op, /ban-ip, /debug, /clear, /say, /kill, /setblock, /pardon-ip, /help, /gamerule, /playsound, /kick, /enchant, /w, /xp, /time, /save-off, /tp, /setworldspawn
[23:40:54] [Client thread/INFO]: [CHAT] /gamemode, /gamerule
[23:40:56] [Client threa[23:41:01] [Server thread/INFO]: [KrishenK: Game rule has been updated]
[23:41:14] [Server thread/INFO]: KrishenK lost connection: TextComponent{text='Disconnected', siblings=[], style=Style{hasParent=false, color=null, bold=null, italic=null, underlined=null, obfuscated=nul[23:41:15] [Client thread/FATAL]: Unreported exception thrown!
java.lang.NullPointerException
	[23:45:09] [Server thread/INFO]: KrishenK[/127.0.0.1:56941] logged in with entity id 981 at (-138.41893978516896, 89.0, 178.96308857490413)
[23:45:09] [Server thread/INFO]: KrishenK joined the game
[23:45:12] [Server thread/INFO]: KrishenK lost connection: TextComponent{text='Disconnected', siblings=[], style=Style{hasParent=false, color=null, bold=null, italic=null, underlined=null, obfuscated=null, clickEvent=null, hoverEvent=null}}
[23:45:12] [Server thread/INFO]: KrishenK left the game
[23:45:17] [Server thread/INFO]: Stopping the server
[23:45:17] [Server thread/INFO]: Stopping server
[23:45:17] [Server thread/INFO]: Saving players
[23:45:17] [Server thread/INFO]: Saving worlds
[23:45:17] [Server thread/INFO]: Saving chunks for level 'world'/Overworld
[23:45:18] [Server thread/INFO]: Saving chunks for level 'world'/Nether
[23:45:18] [Server thread/INFO]: Saving chunks for level 'world'/The End
client.main.Main.main(Main.java:164) [Main.class:?]
	at sun.reflect.NativeMethodAccessorImpl.invoke0(Native Method) ~[?:1.8.0_171]
	at sun.reflect.NativeMethodAccessorImpl.invoke(Unknown Source) ~[?:1.8.0_171]
	at sun.reflect.DelegatingMethodAccessorImpl.invoke(Unknown Source) ~[?:1.8.0_171]
	at java.lang.reflect.Method.invoke(Unknown Source) ~[?:1.8.0_171]
	at net.minecraft.launchwrapper.Launch.launch(Launch.java:135) [launchwrapper-1.12.jar:?]
	at net.minecraft.launchwrapper.Launch.main(Launch.java:28) [launchwrapper-1.12.jar:?]
	at net.minecraftforge.gradle.GradleStartCommon.launch(Unknown Source) [start/:?]
	at GradleStart.main(Unknown Source) [start/:?]
[23:44:11] [Server thread/INFO]: Starting minecraft server version 1.7.10
[23:44:19] [Server thread/INFO]: Loading properties
[23:44:19] [Server thread/INFO]: Default game type: SURVIVAL
[23:44:19] [Server thread/INFO]: Generating keypair
[23:44:20] [Server thread/INFO]: Starting Minecraft server on *:25565
[23:44:20] [Server thread/WARN]: **** FAILED TO BIND TO PORT!
[23:44:20] [Server thread/WARN]: The exception was: java.net.BindException: Address already in use: bind
[23:44:20] [Server thread/WARN]: Perhaps a server is already running on that port?
[23:44:49] [main/INFO]: Setting user: KrishenK
[23:44:50] [Client thread/INFO]: LWJGL Version: 2.9.1
[23:45:00] [Client thread/INFO]: Reloading ResourceManager: Default, FMLFileResourcePack:Forge Mod Loader, FMLFileResourcePack:Minecraft Forge, FMLFileResourcePack:Castel
[23:45:01] [Sound Library Loader/INFO]: Sound engine started
[23:45:03] [Client thread/INFO]: Created: 16x16 textures/blocks-atlas
[23:45:03] [Client thread/INFO]: Created: 16x16 textures/items-atlas
[23:45:03] [Client thread/INFO]: Reloading ResourceManager: Default, FMLFileResourcePack:Forge Mod Loader, FMLFileResourcePack:Minecraft Forge, FMLFileResourcePack:Castel
[23:45:03] [Client thread/INFO]: Created: 512x256 textures/blocks-atlas
[23:45:04] [Client thread/INFO]: Created: 256x256 textures/items-atlas
[23:45:04] [Sound Library Loader/INFO]: Sound engine started
[23:45:09] [Client thread/INFO]: Connecting to localhost, 25565
[23:45:12] [Client thread/FATAL]: Unreported exception thrown!
java.lang.NullPointerException
	at net.minecraft.client.network.NetHandlerPlayClient.handleWindowItems(NetHandlerPlayClient.java:1200) ~[NetHandlerPlayClient.class:?]
	at net.minecraft.network.play.server.S30PacketWindowItems.processPacket(S30PacketWindowItems.java:70) ~[S30PacketWindowItems.class:?]
	at net.minecraft.network.play.server.S30PacketWindowItems.processPacket(S30PacketWindowItems.java:78) ~[S30PacketWindowItems.class:?]
	at net.minecraft.network.NetworkManager.processReceivedPackets(NetworkManager.java:241) ~[NetworkManager.class:?]
	at net.minecraft.client.multiplayer.PlayerControllerMP.updateController(PlayerControllerMP.java:317) ~[PlayerControllerMP.class:?]
	at net.minecraft.client.Minecraft.runTick(Minecraft.java:1693) ~[Minecraft.class:?]
	at net.minecraft.client.Minecraft.runGameLoop(Minecraft.java:1039) ~[Minecraft.class:?]
	at net.minecraft.client.Minecraft.run(Minecraft.java:962) [Minecraft.class:?]
	at net.minecraft.client.main.Main.main(Main.java:164) [Main.class:?]
	at sun.reflect.NativeMethodAccessorImpl.invoke0(Native Method) ~[?:1.8.0_171]
	at sun.reflect.NativeMethodAccessorImpl.invoke(Unknown Source) ~[?:1.8.0_171]
	at sun.reflect.DelegatingMethodAccessorImpl.invoke(Unknown Source) ~[?:1.8.0_171]
	at java.lang.reflect.Method.invoke(Unknown Source) ~[?:1.8.0_171]
	at net.minecraft.launchwrapper.Launch.launch(Launch.java:135) [launchwrapper-1.12.jar:?]
	at net.minecraft.launchwrapper.Launch.main(Launch.java:28) [launchwrapper-1.12.jar:?]
	at net.minecraftforge.gradle.GradleStartCommon.launch(Unknown Source) [start/:?]
	at GradleStart.main(Unknown Source) [start/:?]
[23:45:31] [main/INFO]: Setting user: KrishenK
[23:45:34] [Client thread/INFO]: LWJGL Version: 2.9.1
[23:45:45] [Client thread/INFO]: Reloading ResourceManager: Default, FMLFileResourcePack:Forge Mod Loader, FMLFileResourcePack:Minecraft Forge, FMLFileResourcePack:Castel
[23:45:47] [Sound Library Loader/INFO]: Sound engine started
[23:45:49] [Client thread/INFO]: Created: 16x16 textures/blocks-atlas
[23:45:49] [Client thread/INFO]: Created: 16x16 textures/items-atlas
[23:45:49] [Client thread/INFO]: Reloading ResourceManager: Default, FMLFileResourcePack:Forge Mod Loader, FMLFileResourcePack:Minecraft Forge, FMLFileResourcePack:Castel
[23:45:50] [Client thread/INFO]: Created: 512x256 textures/blocks-atlas
[23:45:50] [Client thread/INFO]: Created: 256x256 textures/items-atlas
[23:45:51] [Sound Library Loader/INFO]: Sound engine started
[23:48:50] [Client thread/INFO]: Connecting to localhost, 25565
[23:49:00] [Client thread/FATAL]: Unreported exception thrown!
java.lang.NullPointerException
	at net.minecraft.client.network.NetHandlerPlayClient.handleWindowItems(NetHandlerPlayClient.java:1200) ~[NetHandlerPlayClient.class:?]
	at net.minecraft.network.play.server.S30PacketWindowItems.processPacket(S30PacketWindowItems.java:70) ~[S30PacketWindowItems.class:?]
	at net.minecraft.network.play.server.S30PacketWindowItems.processPacket(S30PacketWindowItems.java:78) ~[S30PacketWindowItems.class:?]
	at net.minecraft.network.NetworkManager.processReceivedPackets(NetworkManager.java:241) ~[NetworkManager.class:?]
	at net.minecraft.client.multiplayer.PlayerControllerMP.updateController(PlayerControllerMP.java:317) ~[PlayerControllerM[23:52:37] [Server thread/INFO]: KrishenK[/127.0.0.1:53747] logged in with entity id 682 at (-138.41893978516896, 89.0, 178.96308857490413)
[23:52:37] [Server thread/INFO]: KrishenK joined the game
[23:52:39] [Server thread/INFO]: KrishenK lost connection: TextComponent{text='Disconnected', siblings=[], style=Style{hasParent=false, color=null, bold=null, italic=null, underlined=null, obfuscated=null, clickEvent=null, hoverEvent=null}}
[23:52:39] [Server thread/INFO]: KrishenK left the game
[23:56:14] [Server thread/INFO]: Stopping the server
[23:56:14] [Server thread/INFO]: Stopping server
[23:56:14] [Server thread/INFO]: Saving players
[23:56:14] [Server thread/INFO]: Saving worlds
[23:56:14] [Server thread/INFO]: Saving chunks for level 'world'/Overworld
[23:56:14] [Server thread/INFO]: Saving chunks for level 'world'/Nether
[23:56:14] [Server thread/INFO]: Saving chunks for level 'world'/The End
nknown Source) [start/:?]
[23:52:01] [main/INFO]: Setting user: KrishenK
[23:52:02] [Client thread/INFO]: LWJGL Version: 2.9.1
[23:52:12] [Client thread/INFO]: Reloading ResourceManager: Default, FMLFileResourcePack:Forge Mod Loader, FMLFileResourcePack:Minecraft Forge, FMLFileResourcePack:Castel
[23:52:13] [Sound Library Loader/INFO]: Sound engine started
[23:52:15] [Client thread/INFO]: Created: 16x16 textures/blocks-atlas
[23:52:15] [Client thread/INFO]: Created: 16x16 textures/items-atlas
[23:52:15] [Client thread/INFO]: Reloading ResourceManager: Default, FMLFileResourcePack:Forge Mod Loader, FMLFileResourcePack:Minecraft Forge, FMLFileResourcePack:Castel
[23:52:16] [Client thread/INFO]: Created: 512x256 textures/blocks-atlas
[23:52:16] [Client thread/INFO]: Created: 256x256 textures/items-atlas
[23:52:17] [Sound Library Loader/INFO]: Sound engine started
[23:52:37] [Client thread/INFO]: Connecting to localhost, 25565
[23:52:40] [Client thread/FATAL]: Unreported exception thrown!
java.lang.NullPointerException
	at net.minecraft.client.network.NetHandlerPlayClient.handleWindowItems(NetHandlerPlayClient.java:1200) ~[NetHandlerPlayClient.class:?]
	at net.minecraft.network.play.server.S30PacketWindowItems.processPacket(S30PacketWindowItems.java:70) ~[S30PacketWindowItems.class:?]
	at net.minecraft.network.play.server.S30PacketWindowItems.processPacket(S30PacketWindowItems.java:78) ~[S30PacketWindowItems.class:?]
	at net.minecraft.network.NetworkManager.processReceivedPackets(NetworkManager.java:241) ~[NetworkManager.class:?]
	at net.minecraft.client.multiplayer.PlayerControllerMP.updateController(PlayerControllerMP.java:317) ~[PlayerControllerMP.class:?]
	at net.minecraft.client.Minecraft.runTick(Minecraft.java:1693) ~[Minecraft.class:?]
	at net.minecraft.client.Minecraft.runGameLoop(Minecraft.java:1039) ~[Minecraft.class:?]
	at net.minecraft.client.Minecraft.run(Minecraft.java:962) [Minecraft.class:?]
	at net.minecraft.client.main.Main.main(Main.java:164) [Main.class:?]
	at sun.reflect.NativeMethodAccessorImpl.invoke0(Native Method) ~[?:1.8.0_171]
	at sun.reflect.NativeMethodAccessorImpl.invoke(Unknown Source) ~[?:1.8.0_171]
	at sun.reflect.DelegatingMethodAccessorImpl.invoke(Unknown Source) ~[?:1.8.0_171]
	at java.lang.reflect.Method.invoke(Unknown Source) ~[?:1.8.0_171]
	at net.minecraft.launchwrapper.Launch.launch(Launch.java:135) [launchwrapper-1.12.jar:?]
	at net.minecraft.launchwrapper.Launch.main(Launch.java:28) [launchwrapper-1.12.jar:?]
	at net.minecraftforge.gradle.GradleStartCommon.launch(Unknown Source) [start/:?]
	at GradleStart.main(Unknown Source) [start/:?]
[23:52:55] [main/INFO]: Setting user: KrishenK
[23:52:57] [Client thread/INFO]: LWJGL Version: 2.9.1
[23:53:04] [Client thread/INFO]: Reloading ResourceManager: Default, FMLFileResourcePack:Forge Mod Loader, FMLFileResourcePack:Minecraft Forge, FMLFileResourcePack:Castel
[23:53:05] [Sound Library Loader/INFO]: Sound engine started
[23:53:06] [Client thread/INFO]: Created: 16x16 textures/blocks-atlas
[23:53:06] [Client thread/INFO]: Created: 16x16 textures/items-atlas
[23:53:07] [Client thread/INFO]: Reloading ResourceManager: Default, FMLFileResourcePack:Forge Mod Loader, FMLFileResourcePack:Minecraft Forge, FMLFileResourcePack:Castel
[23:53:07] [Client thread/INFO]: Created: 512x256 textures/blocks-atlas
[23:53:07] [Client thread/INFO]: Created: 256x256 textures/items-atlas
[23:53:08] [Sound Library Loader/INFO]: Sound engine started
[23:53:15] [Server thread/INFO]: Starting integrated minecraft server version 1.7.10
[23:53:15] [Server thread/INFO]: Generating keypair
[23:53:15] [Server thread/INFO]: Preparing start region for level 0
[23:53:15] [Server thread/INFO]: Changing view distance to 12, from 10
[23:53:16] [Server thread/INFO]: KrishenK[local:E:73d541e8] logged in with entity id 126 at (-1005.3961354803251, 5.0, -55.57251902881593)
[23:53:16] [Server thread/INFO]: KrishenK joined the game
[23:53:19] [Server thread/INFO]: KrishenK lost connection: TextComponent{text='Disconnected', siblings=[], style=Style{hasParent=false, color=null, bold=null, italic=null, underlined=null, obfuscated=null, clickEvent=null, hoverEvent=null}}
[23:53:19] [Server thread/INFO]: KrishenK left the game
[23:53:19] [Server thread/INFO]: Stopping singleplayer server as player logged out
[23:53:19] [Server thread/INFO]: Stopping server
[23:53:19] [Server thread/INFO]: Saving players
[23:53:19] [Server thread/INFO]: Saving worlds
[23:53:19] [Server thread/INFO]: Saving chunks for level 'New World'/Overworld
[23:53:19] [Server thread/INFO]: Saving chunks for level 'New World'/Nether
[23:53:19] [Server thread/INFO]: Saving chunks for level 'New World'/The End
[23:53:19] [Client thread/FATAL]: Unreported exception thrown!
java.lang.NullPointerException
	at net.minecraft.client.network.NetHandlerPlayClient.handleWindowItems(NetHandlerPlayClient.java:1200) ~[NetHandlerPlayClient.class:?]
	at net.minecraft.network.play.server.S30PacketWindowItems.processPacket(S30PacketWindowItems.java:70) ~[S30PacketWindowItems.class:?]
	at net.minecraft.network.play.server.S30PacketWindowItems.processPacket(S30PacketWindowItems.java:78) ~[S30PacketWindowItems.class:?]
	at net.minecraft.network.NetworkManager.processReceivedPackets(NetworkManager.java:241) ~[NetworkManager.class:?]
	at net.minecraft.client.multiplayer.PlayerControllerMP.updateController(PlayerControllerMP.java:317) ~[PlayerControllerMP.class:?]
	at net.minecraft.client.Minecraft.runTick(Minecraft.java:1693) ~[Minecraft.class:?]
	at net.minecraft.client.Minecraft.runGameLoop(Minecraft.java:1039) ~[Minecraft.class:?]
	at net.minecraft.client.Minecraft.run(Minecraft.java:962) [Minecraft.class:?]
	at net.minecraft.client.main.Main.main(Main.java:164) [Main.class:?]
	at sun.reflect.NativeMethodAccessorImpl.invoke0(Native Method) ~[?:1.8.0_171]
	at sun.reflect.NativeMethodAccessorImpl.invoke(Unknown Source) ~[?:1.8.0_171]
	at sun.reflect.DelegatingMethodAccessorImpl.invoke(Unknown Source) ~[?:1.8.0_171]
	at java.lang.reflect.Method.invoke(Unknown Source) ~[?:1.8.0_171]
	at net.minecraft.launchwrapper.Launch.launch(Launch.java:135) [launchwrapper-1.12.jar:?]
	at net.minecraft.launchwrapper.Launch.main(Launch.java:28) [launchwrapper-1.12.jar:?]
	at net.minecraftforge.gradle.GradleStartCommon.launch(Unknown Source) [start/:?]
	at GradleStart.main(Unknown Source) [start/:?]
[23:56:30] [main/INFO]: Setting user: KrishenK
[23:56:34] [Client thread/INFO]: LWJGL Version: 2.9.1
[23:56:47] [Client thread/INFO]: Reloading ResourceManager: Default, FMLFileResourcePack:Forge Mod Loader, FMLFileResourcePack:Minecraft Forge, FMLFileResourcePack:Castel
[23:56:48] [Sound Library Loader/INFO]: Sound engine started
[23:56:50] [Client thread/INFO]: Created: 16x16 textures/blocks-atlas
[23:56:50] [Client thread/INFO]: Created: 16x16 textures/items-atlas
[23:56:50] [Client thread/INFO]: Reloading ResourceManager: Default, FMLFileResourcePack:Forge Mod Loader, FMLFileResourcePack:Minecraft Forge, FMLFileResourcePack:Castel
[23:56:50] [Client thread/INFO]: Created: 512x256 textures/blocks-atlas
[23:56:51] [Client thread/INFO]: Created: 256x256 textures/items-atlas
[23:56:51] [Sound Library Loader/INFO]: Sound engine started
[23:57:01] [Client thread/INFO]: Connecting to localhost, 25565
[23:57:05] [Client thread/FATAL]: Unreported exception thrown!
java.lang.NullPointerException
	at net.minecraft.client.network.NetHandlerPlayClient.handleWindowItems(NetHandlerPlayClient.java:1200) ~[NetHandlerPlayClient.class:?]
	at net.minecraft.network.play.server.S30PacketWindowItems.processPacket(S30PacketWindowItems.java:70) ~[S30PacketWindowItems.class:?]
	at net.minecraft.network.play.server.S30PacketWindowItems.processPacket(S30PacketWindowItems.java:78) ~[S30PacketWindowItems.class:?]
	at net.minecraft.network.NetworkManager.processReceivedPackets(NetworkManager.java:241) ~[NetworkManager.class:?]
	at net.minecraft.client.multiplayer.PlayerControllerMP.updateController(PlayerControllerMP.java:317) ~[PlayerControllerMP.class:?]
	at net.minecraft.client.Minecraft.runTick(Minecraft.java:1693) ~[Minecraft.class:?]
	at net.minecraft.client.Minecraft.runGameLoop(Minecraft.java:1039) ~[Minecraft.class:?]
	at net.minecraft.client.Minecraft.run(Minecraft.java:962) [Minecraft.class:?]
	at net.minecraft.client.main.Main.main(Main.java:164) [Main.class:?]
	at sun.reflect.NativeMethodAccessorImpl.invoke0(Native Method) ~[?:1.8.0_171]
	at sun.reflect.NativeMethodAccessorImpl.invoke(Unknown Source) ~[?:1.8.0_171]
	at sun.reflect.DelegatingMethodAccessorImpl.invoke(Unknown Source) ~[?:1.8.0_171]
	at java.lang.reflect.Method.invoke(Unknown Source) ~[?:1.8.0_171]
	at net.minecraft.launchwrapper.Launch.launch(Launch.java:135) [launchwrapper-1.12.jar:?]
	at net.minecraft.launchwrapper.Launch.main(Launch.java:28) [launchwrapper-1.12.jar:?]
	at net.minecraftforge.gradle.GradleStartCommon.launch(Unknown Source) [start/:?]
	at GradleStart.main(Unknown Source) [start/:?]
