[22:30:49] [Server thread/INFO]: Starting minecraft server version 1.7.10
[22:31:05] [Server thread/INFO]: Starting minecraft server version 1.7.10
ead/INFO]: Default game type: SURVIVAL
[22:30:58] [Server thread/INFO]: Generating keypair
[22:30:59] [Server thread/INFO]: Starting Minecraft server on *:25565
[22:31:01] [Server thread/WARN]: **** SERVER IS RUNNING IN OFFLINE/INSECURE MODE!
[22:31:01] [Server thread/WARN]: The server will make no attempt to authenticate usernames. Beware.
[22:31:01] [Server thread/WARN]: While this makes the game possible to play without internet access, it also opens up the ability for hackers to connect with any username they choose.
[22:31:01] [Server thread/WARN]: To change this, set "online-mode" to "true" in the server.properties file.
[22:31:01] [Server thread/INFO]: Preparing level "world"
[22:31:01] [Server thread/INFO]: Preparing start region for level 0
[22:31:02] [Server thread/INFO]: Preparing spawn area: 97%
[22:31:02] [Server thread/INFO]: Done (1,304s)! For help, type "help" or "?"
[22:31:58] [Server thread/INFO]: KrishenK[/127.0.0.1:52497] logged in with entity id 268 at (-122.56679340766063, 87.0, 236.4678933418123)
[22:31:58] [Server thread/INFO]: KrishenK joined the game
[22:32:12] [Server thread/INFO]: KrishenK lost connection: TextComponent{text='A fatal error has occured, this connection is terminated', siblings=[], style=Style{hasParent=false, color=null, bold=null, italic=null, underlined=null, obfuscated=null, clickEvent=null, hoverEvent=null}}
[22:32:12] [Server thread/INFO]: KrishenK left the game
[22:32:26] [Server thread/INFO]: KrishenK[/127.0.0.1:57740] logged in with entity id 785 at (-124.16563433099425, 89.0, 234.07522513593608)
[22:32:26] [Server thread/INFO]: KrishenK joined the game
[22:32:28] [Server thread/INFO]: KrishenK lost connection: TextComponent{text='A fatal error has occured, this connection is terminated', siblings=[], style=Style{hasParent=false, color=null, bold=null, italic=null, underlined=null, obfuscated=null, clickEvent=null, hoverEvent=null}}
[22:32:28] [Server thread/INFO]: KrishenK left the game
[22:32:52] [Server thread/INFO]: Stopping the server
[22:32:52] [Server thread/INFO]: Stopping server
[22:32:52] [Server thread/INFO]: Saving players
[22:32:52] [Server thread/INFO]: Saving worlds
[22:32:52] [Server thread/INFO]: Saving chunks for level 'world'/Overworld
[22:32:52] [Server thread/INFO]: Saving chunks for level 'world'/Nether
[22:32:52] [Server thread/INFO]: Saving chunks for level 'world'/The End
]: Saving chunks for level 'New World'/Nether
[22:31:48] [Server thread/INFO]: Saving chunks for level 'New World'/The End
[22:31:56] [Server thread/INFO]: Saving and pausing game...
[22:31:56] [Server thread/INFO]: Saving chunks for level 'New World'/Overworld
[22:31:56] [Server thread/INFO]: Saving chunks for level 'New World'/Nether
[22:31:56] [Server thread/INFO]: Saving chunks for level 'New World'/The End
[22:31:56] [Server thread/INFO]: Stopping server
[22:31:56] [Server thread/INFO]: Saving players
[22:31:56] [Server thread/INFO]: Saving worlds
[22:31:56] [Server thread/INFO]: Saving chunks for level 'New World'/Overworld
[22:31:56] [Server thread/INFO]: Saving chunks for level 'New World'/Nether
[22:31:56] [Server thread/INFO]: Saving chunks for level 'New World'/The End
[22:31:58] [Client thread/INFO]: Connecting to localhost, 25565
[22:32:26] [Client thread/INFO]: Connecting to localhost, 25565
