[15:59:31] [main/INFO]: Setting user: KrishenK
[15:59:32] [Client thread/INFO]: LWJGL Version: 2.9.1
[15:59:42] [Client thread/INFO]: Reloading ResourceManager: Default, FMLFileResourcePack:Forge Mod Loader, FMLFileResourcePack:Minecraft Forge, FMLFileResourcePack:Castel
[15:59:43] [Sound Library Loader/INFO]: Sound engine started
[15:59:44] [Client thread/INFO]: Created: 16x16 textures/blocks-atlas
[15:59:44] [Client thread/INFO]: Created: 16x16 textures/items-atlas
[15:59:44] [Client thread/INFO]: Reloading ResourceManager: Default, FMLFileResourcePack:Forge Mod Loader, FMLFileResourcePack:Minecraft Forge, FMLFileResourcePack:Castel
[15:59:45] [Client thread/INFO]: Created: 512x256 textures/blocks-atlas
[15:59:45] [Client thread/INFO]: Created: 256x256 textures/items-atlas
[15:59:46] [Sound Library Loader/INFO]: Sound engine started
[15:59:50] [Server thread/INFO]: Starting integrated minecraft server version 1.7.10
[15:59:50] [Server thread/INFO]: Generating keypair
[15:59:50] [Server thread/INFO]: Preparing start region for level 0
[15:59:51] [Server thread/INFO]: Changing view distance to 12, from 10
[15:59:51] [Server thread/INFO]: KrishenK[local:E:8ff69a53] logged in with entity id 125 at (-1004.0215560339141, 4.875, -53.13138948975837)
[15:59:51] [Server thread/INFO]: KrishenK joined the game
[15:59:53] [Server thread/INFO]: Saving and pausing game...
[15:59:53] [Server thread/INFO]: Saving chunks for level 'New World'/Overworld
[15:59:53] [Server thread/INFO]: Saving chunks for level 'New World'/Nether
[15:59:53] [Server thread/INFO]: Saving chunks for level 'New World'/The End
[16:00:33] [Server thread/INFO]: Saving and pausing game...
[16:00:33] [Server thread/INFO]: Saving chunks for level 'New World'/Overworld
[16:00:33] [Server thread/INFO]: Saving chunks for level 'New World'/Nether
[16:00:33] [Server thread/INFO]: Saving chunks for level 'New World'/The End
[16:01:42] [Server thread/INFO]: Saving and pausing game...
[16:01:42] [Server thread/INFO]: Saving chunks for level 'New World'/Overworld
[16:01:42] [Server thread/INFO]: Saving chunks for level 'New World'/Nether
[16:01:42] [Server thread/INFO]: Saving chunks for level 'New World'/The End
[16:01:48] [Server thread/INFO]: Saving and pausing game...
[16:01:48] [Server thread/INFO]: Saving chunks for level 'New World'/Overworld
[16:01:48] [Server thread/INFO]: Saving chunks for level 'New World'/Nether
[16:01:48] [Server thread/INFO]: Saving chunks for level 'New World'/The End
[16:01:50] [Server thread/INFO]: Saving and pausing game...
[16:01:50] [Server thread/INFO]: Saving chunks for level 'New World'/Overworld
[16:01:50] [Server thread/INFO]: Saving chunks for level 'New World'/Nether
[16:01:50] [Server thread/INFO]: Saving chunks for level 'New World'/The End
[16:01:52] [Server thread/INFO]: Saving and pausing game...
[16:01:52] [Server thread/INFO]: Saving chunks for level 'New World'/Overworld
[16:01:52] [Server thread/INFO]: Saving chunks for level 'New World'/Nether
[16:01:52] [Server thread/INFO]: Saving chunks for level 'New World'/The End
[16:01:55] [Server thread/INFO]: Saving and pausing game...
[16:01:55] [Server thread/INFO]: Saving chunks for level 'New World'/Overworld
[16:01:55] [Server thread/INFO]: Saving chunks for level 'New World'/Nether
[16:01:55] [Server thread/INFO]: Saving chunks for level 'New World'/The End
[16:02:17] [Server thread/INFO]: Saving and pausing game...
[16:02:17] [Server thread/INFO]: Saving chunks for level 'New World'/Overworld
[16:02:17] [Server thread/INFO]: Saving chunks for level 'New World'/Nether
[16:02:17] [Server thread/INFO]: Saving chunks for level 'New World'/The End
[16:02:17] [Server thread/INFO]: Stopping server
[16:02:17] [Server thread/INFO]: Saving players
[16:02:17] [Server thread/INFO]: Saving worlds
[16:02:17] [Server thread/INFO]: Saving chunks for level 'New World'/Overworld
[16:02:17] [Server thread/INFO]: Saving chunks for level 'New World'/Nether
[16:02:17] [Server thread/INFO]: Saving chunks for level 'New World'/The End
[16:02:19] [Client thread/INFO]: Connecting to localhost, 25565
[16:02:19] [Client thread/INFO]: [CHAT] KrishenK joined the game.
[16:04:50] [Client thread/INFO]: [CHAT] _________________.[ Player you ].____________________
[16:04:50] [Client thread/INFO]: [CHAT] Power: [||||||||||||||||||||||||||||||||||||||||||||||||||||||||||||||||||||||||||||||||||||||||||||||||||||]
[16:04:50] [Client thread/INFO]: [CHAT] Power: 10,00 / 10,00
[16:04:50] [Client thread/INFO]: [CHAT] Power per Hour: 2,00
[16:04:50] [Client thread/INFO]: [CHAT] Power per Death: -2,00
[16:04:50] [Client thread/INFO]: [CHAT] Automatic removal after 10days of inactivity:
[16:04:50] [Client thread/INFO]: [CHAT] Default: 10days
[16:04:50] [Client thread/INFO]: [CHAT] Player Age Bonus: 0seconds
[16:04:50] [Client thread/INFO]: [CHAT] Faction Age Bonus: 0seconds
