#
# A fatal error has been detected by the Java Runtime Environment:
#
#  EXCEPTION_ACCESS_VIOLATION (0xc0000005) at pc=0x0000000024921066, pid=5432, tid=0x00000000000009f0
#
# JRE version: Java(TM) SE Runtime Environment (8.0_171-b11) (build 1.8.0_171-b11)
# Java VM: Java HotSpot(TM) 64-Bit Server VM (25.171-b11 mixed mode windows-amd64 compressed oops)
# Problematic frame:
# C  [OpenAL64.dll+0x11066]
#
# Failed to write core dump. Minidumps are not enabled by default on client versions of Windows
#
# If you would like to submit a bug report, please visit:
#   http://bugreport.java.com/bugreport/crash.jsp
# The crash happened outside the Java Virtual Machine in native code.
# See problematic frame for where to report the bug.
#

---------------  T H R E A D  ---------------

Current thread (0x000000001a5c1000):  JavaThread "Thread-10" [_thread_in_native, id=2544, stack(0x000000003e570000,0x000000003e670000)]

siginfo: ExceptionCode=0xc0000005, reading address 0x000000001a455004

Registers:
RAX=0x0000000000000004, RBX=0x000000003e670090, RCX=0x000000001a455008, RDX=0x000000001a455004
RSP=0x000000003e66ee10, RBP=0x00000000000000ff, RSI=0x000000001a45192c, RDI=0x0000000000000000
R8 =0x0000000000000db6, R9 =0x000000001a45192c, R10=0x0000000003028c3b, R11=0x0000000054ccc460
R12=0x0000000000000001, R13=0x000000003e558fd8, R14=0x000000003e66efa8, R15=0x000000001a5c1000
RIP=0x0000000024921066, EFLAGS=0x0000000000010202

Top of Stack: (sp=0x000000003e66ee10)
0x000000003e66ee10:   000000003e66ee50 00000000163e1ee0
0x000000003e66ee20:   0000000000000000 00000000163de800
0x000000003e66ee30:   000000003e558fd8 0000000054bcb4e5
0x000000003e66ee40:   000000001a5c1000 000000001a451550
0x000000003e66ee50:   000000003e558fd8 000000003e66efa8
0x000000003e66ee60:   000000001c7124b0 0000000054b5ba36
0x000000003e66ee70:   000000003e66f618 000000001bf6a8e0
0x000000003e66ee80:   000000001a5c1000 000000003e66efa8
0x000000003e66ee90:   000000003e558fd8 0000000000000000
0x000000003e66eea0:   000000001a45192c 000000001a45192c
0x000000003e66eeb0:   000000003e66ef70 000000002492248f
0x000000003e66eec0:   000000003e670090 000000003e670090
0x000000003e66eed0:   000000000000ac44 0000000000000004
0x000000003e66eee0:   00000000d4cc7c38 0000000003028c67
0x000000003e66eef0:   000000003e558fd8 00000000c86e24a0
0x000000003e66ef00:   000000003e66ef00 000000003e55bf41 

Instructions: (pc=0x0000000024921066)
0x0000000024921046:   41 2b ec 81 3a 03 00 02 00 75 09 8b 01 89 84 24
0x0000000024921056:   c8 00 00 00 49 83 c0 02 48 83 c1 08 4a 8d 14 86
0x0000000024921066:   39 3a 75 af 4c 8d 84 24 c0 00 00 00 48 8d 15 d7
0x0000000024921076:   2b 03 00 33 c9 e8 58 5f 00 00 b8 40 1f 00 00 4c 


Register to memory mapping:

RAX=0x0000000000000004 is an unknown value
RBX=0x000000003e670090 is an unknown value
RCX=0x000000001a455008 is an unknown value
RDX=0x000000001a455004 is an unknown value
RSP=0x000000003e66ee10 is pointing into the stack for thread: 0x000000001a5c1000
RBP=0x00000000000000ff is an unknown value
RSI=0x000000001a45192c is an unknown value
RDI=0x0000000000000000 is an unknown value
R8 =0x0000000000000db6 is an unknown value
R9 =0x000000001a45192c is an unknown value
R10=0x0000000003028c3b is at code_begin+891 in an Interpreter codelet
method entry point (kind = native)  [0x00000000030288c0, 0x0000000003029280]  2496 bytes
R11=0x0000000054ccc460 is an unknown value
R12=0x0000000000000001 is an unknown value
R13={method} {0x000000003e558fe0} 'nalcCreateContext' '(JJ)J' in 'org/lwjgl/openal/ALC10'
R14=0x000000003e66efa8 is pointing into the stack for thread: 0x000000001a5c1000
R15=0x000000001a5c1000 is a thread


Stack: [0x000000003e570000,0x000000003e670000],  sp=0x000000003e66ee10,  free space=1019k
Native frames: (J=compiled Java code, j=interpreted, Vv=VM code, C=native code)
C  [OpenAL64.dll+0x11066]
C  [OpenAL64.dll+0x1248f]
C  0x0000000003028c67

Java frames: (J=compiled Java code, j=interpreted, Vv=VM code)
j  org.lwjgl.openal.ALC10.nalcCreateContext(JJ)J+0
j  org.lwjgl.openal.ALC10.alcCreateContext(Lorg/lwjgl/openal/ALCdevice;Ljava/nio/IntBuffer;)Lorg/lwjgl/openal/ALCcontext;+8
j  org.lwjgl.openal.AL.init(Ljava/lang/String;IIZZ)V+69
j  org.lwjgl.openal.AL.create(Ljava/lang/String;IIZZ)V+227
j  org.lwjgl.openal.AL.create(Ljava/lang/String;IIZ)V+5
j  org.lwjgl.openal.AL.create()V+6
j  paulscode.sound.libraries.LibraryLWJGLOpenAL.init()V+2
j  paulscode.sound.SoundSystem.CommandNewLibrary(Ljava/lang/Class;)V+273
j  paulscode.sound.SoundSystem.CommandQueue(Lpaulscode/sound/CommandObject;)Z+1206
j  paulscode.sound.CommandThread.run()V+51
v  ~StubRoutines::call_stub

---------------  P R O C E S S  ---------------

Java Threads: ( => current thread )
  0x000000001a5bf800 JavaThread "Thread-11" [_thread_blocked, id=17396, stack(0x000000003e890000,0x000000003e990000)]
=>0x000000001a5c1000 JavaThread "Thread-10" [_thread_in_native, id=2544, stack(0x000000003e570000,0x000000003e670000)]
  0x000000001a5c0000 JavaThread "Sound Library Loader" [_thread_blocked, id=7900, stack(0x0000000025da0000,0x0000000025ea0000)]
  0x0000000016c87800 JavaThread "Keep-Alive-Timer" daemon [_thread_blocked, id=8764, stack(0x000000003e790000,0x000000003e890000)]
  0x000000001ba8c000 JavaThread "LWJGL Timer" daemon [_thread_blocked, id=9124, stack(0x000000002a050000,0x000000002a150000)]
  0x00000000185f9000 JavaThread "Thread-6" [_thread_blocked, id=1168, stack(0x0000000024810000,0x0000000024910000)]
  0x000000001c702800 JavaThread "Java2D Disposer" daemon [_thread_blocked, id=13552, stack(0x000000001c250000,0x000000001c350000)]
  0x000000001a69d800 JavaThread "Timer hack thread" daemon [_thread_blocked, id=18828, stack(0x000000001ad00000,0x000000001ae00000)]
  0x00000000187b7800 JavaThread "Snooper Timer" daemon [_thread_blocked, id=1968, stack(0x000000001ab70000,0x000000001ac70000)]
  0x0000000016c89800 JavaThread "Service Thread" daemon [_thread_blocked, id=17456, stack(0x0000000017800000,0x0000000017900000)]
  0x0000000016c0a800 JavaThread "C1 CompilerThread2" daemon [_thread_blocked, id=7360, stack(0x0000000017700000,0x0000000017800000)]
  0x0000000016c08800 JavaThread "C2 CompilerThread1" daemon [_thread_blocked, id=16744, stack(0x0000000017600000,0x0000000017700000)]
  0x0000000016c03800 JavaThread "C2 CompilerThread0" daemon [_thread_blocked, id=1532, stack(0x0000000017500000,0x0000000017600000)]
  0x0000000016c00800 JavaThread "Attach Listener" daemon [_thread_blocked, id=12512, stack(0x0000000017400000,0x0000000017500000)]
  0x0000000016bff800 JavaThread "Signal Dispatcher" daemon [_thread_blocked, id=17224, stack(0x0000000017300000,0x0000000017400000)]
  0x0000000016c09800 JavaThread "Surrogate Locker Thread (Concurrent GC)" daemon [_thread_blocked, id=18640, stack(0x0000000017200000,0x0000000017300000)]
  0x00000000161c8000 JavaThread "Finalizer" daemon [_thread_blocked, id=1560, stack(0x0000000016fd0000,0x00000000170d0000)]
  0x00000000161c1000 JavaThread "Reference Handler" daemon [_thread_blocked, id=20204, stack(0x0000000016ad0000,0x0000000016bd0000)]
  0x0000000002f16800 JavaThread "Client thread" [_thread_in_native, id=11088, stack(0x0000000002e10000,0x0000000002f10000)]

Other Threads:
  0x00000000161b4000 VMThread [stack: 0x00000000169d0000,0x0000000016ad0000] [id=1776]
  0x0000000016c91800 WatcherThread [stack: 0x0000000017900000,0x0000000017a00000] [id=744]

VM state:not at safepoint (normal execution)

VM Mutex/Monitor currently owned by a thread: None

Heap:
 par new generation   total 306688K, used 156850K [0x00000000c0000000, 0x00000000d4cc0000, 0x00000000d4cc0000)
  eden space 272640K,  53% used [0x00000000c0000000, 0x00000000c8d253a8, 0x00000000d0a40000)
  from space 34048K,  36% used [0x00000000d0a40000, 0x00000000d16475f0, 0x00000000d2b80000)
  to   space 34048K,   0% used [0x00000000d2b80000, 0x00000000d2b80000, 0x00000000d4cc0000)
 concurrent mark-sweep generation total 707840K, used 144815K [0x00000000d4cc0000, 0x0000000100000000, 0x0000000100000000)
 Metaspace       used 29371K, capacity 29649K, committed 29952K, reserved 1075200K
  class space    used 3664K, capacity 3741K, committed 3840K, reserved 1048576K

Card table byte_map: [0x00000000127d0000,0x00000000129e0000] byte_map_base: 0x00000000121d0000

Marking Bits: (CMSBitMap*) 0x0000000002f6f178
 Bits: [0x0000000012f90000, 0x0000000013a5d000)

Mod Union Table: (CMSBitMap*) 0x0000000002f6f238
 Bits: [0x0000000013a60000, 0x0000000013a8b340)

Polling page: 0x0000000001120000

CodeCache: size=245760Kb used=13622Kb max_used=13636Kb free=232137Kb
 bounds [0x0000000003010000, 0x0000000003d80000, 0x0000000012010000]
 total_blobs=4371 nmethods=3704 adapters=578
 compilation: enabled

Compilation events (10 events):
Event: 14.857 Thread 0x0000000016c0a800 nmethod 4574 0x0000000003d52850 code [0x0000000003d529c0, 0x0000000003d52b28]
Event: 14.857 Thread 0x0000000016c0a800 4575       3       java.util.StringTokenizer::nextToken (92 bytes)
Event: 14.857 Thread 0x0000000016c0a800 nmethod 4575 0x0000000003d51cd0 code [0x0000000003d51e80, 0x0000000003d522b8]
Event: 14.857 Thread 0x0000000016c0a800 4576       3       sun.reflect.NativeMethodAccessorImpl::invoke (104 bytes)
Event: 14.858 Thread 0x0000000016c03800 4578       4       sun.util.locale.provider.LocaleResources::getDecimalFormatSymbolsData (213 bytes)
Event: 14.858 Thread 0x0000000016c0a800 nmethod 4576 0x0000000003d5c290 code [0x0000000003d5c500, 0x0000000003d5d998]
Event: 14.864 Thread 0x0000000016c03800 nmethod 4578 0x0000000003d65e50 code [0x0000000003d65fe0, 0x0000000003d66808]
Event: 14.864 Thread 0x0000000016c03800 4579       4       java.util.Currency::getInstance (234 bytes)
Event: 14.864 Thread 0x0000000016c08800 nmethod 4566 0x0000000003d66d50 code [0x0000000003d67060, 0x0000000003d6a050]
Event: 14.870 Thread 0x0000000016c03800 nmethod 4579 0x0000000003d62850 code [0x0000000003d629e0, 0x0000000003d63298]

GC Heap History (10 events):
Event: 6.881 GC heap before
{Heap before GC invocations=2 (full 2):
 par new generation   total 306688K, used 296042K [0x00000000c0000000, 0x00000000d4cc0000, 0x00000000d4cc0000)
  eden space 272640K, 100% used [0x00000000c0000000, 0x00000000d0a40000, 0x00000000d0a40000)
  from space 34048K,  68% used [0x00000000d2b80000, 0x00000000d425a940, 0x00000000d4cc0000)
  to   space 34048K,   0% used [0x00000000d0a40000, 0x00000000d0a40000, 0x00000000d2b80000)
 concurrent mark-sweep generation total 707840K, used 2517K [0x00000000d4cc0000, 0x0000000100000000, 0x0000000100000000)
 Metaspace       used 24308K, capacity 24629K, committed 24960K, reserved 1071104K
  class space    used 3044K, capacity 3117K, committed 3200K, reserved 1048576K
Event: 6.912 GC heap after
Heap after GC invocations=3 (full 2):
 par new generation   total 306688K, used 17960K [0x00000000c0000000, 0x00000000d4cc0000, 0x00000000d4cc0000)
  eden space 272640K,   0% used [0x00000000c0000000, 0x00000000c0000000, 0x00000000d0a40000)
  from space 34048K,  52% used [0x00000000d0a40000, 0x00000000d1bca2d0, 0x00000000d2b80000)
  to   space 34048K,   0% used [0x00000000d2b80000, 0x00000000d2b80000, 0x00000000d4cc0000)
 concurrent mark-sweep generation total 707840K, used 22542K [0x00000000d4cc0000, 0x0000000100000000, 0x0000000100000000)
 Metaspace       used 24308K, capacity 24629K, committed 24960K, reserved 1071104K
  class space    used 3044K, capacity 3117K, committed 3200K, reserved 1048576K
}
Event: 8.794 GC heap before
{Heap before GC invocations=3 (full 2):
 par new generation   total 306688K, used 290600K [0x00000000c0000000, 0x00000000d4cc0000, 0x00000000d4cc0000)
  eden space 272640K, 100% used [0x00000000c0000000, 0x00000000d0a40000, 0x00000000d0a40000)
  from space 34048K,  52% used [0x00000000d0a40000, 0x00000000d1bca2d0, 0x00000000d2b80000)
  to   space 34048K,   0% used [0x00000000d2b80000, 0x00000000d2b80000, 0x00000000d4cc0000)
 concurrent mark-sweep generation total 707840K, used 22542K [0x00000000d4cc0000, 0x0000000100000000, 0x0000000100000000)
 Metaspace       used 24595K, capacity 24821K, committed 25216K, reserved 1071104K
  class space    used 3067K, capacity 3117K, committed 3200K, reserved 1048576K
Event: 8.827 GC heap after
Heap after GC invocations=4 (full 2):
 par new generation   total 306688K, used 34048K [0x00000000c0000000, 0x00000000d4cc0000, 0x00000000d4cc0000)
  eden space 272640K,   0% used [0x00000000c0000000, 0x00000000c0000000, 0x00000000d0a40000)
  from space 34048K, 100% used [0x00000000d2b80000, 0x00000000d4cc0000, 0x00000000d4cc0000)
  to   space 34048K,   0% used [0x00000000d0a40000, 0x00000000d0a40000, 0x00000000d2b80000)
 concurrent mark-sweep generation total 707840K, used 45445K [0x00000000d4cc0000, 0x0000000100000000, 0x0000000100000000)
 Metaspace       used 24595K, capacity 24821K, committed 25216K, reserved 1071104K
  class space    used 3067K, capacity 3117K, committed 3200K, reserved 1048576K
}
Event: 10.343 GC heap before
{Heap before GC invocations=4 (full 3):
 par new generation   total 306688K, used 306688K [0x00000000c0000000, 0x00000000d4cc0000, 0x00000000d4cc0000)
  eden space 272640K, 100% used [0x00000000c0000000, 0x00000000d0a40000, 0x00000000d0a40000)
  from space 34048K, 100% used [0x00000000d2b80000, 0x00000000d4cc0000, 0x00000000d4cc0000)
  to   space 34048K,   0% used [0x00000000d0a40000, 0x00000000d0a40000, 0x00000000d2b80000)
 concurrent mark-sweep generation total 707840K, used 45445K [0x00000000d4cc0000, 0x0000000100000000, 0x0000000100000000)
 Metaspace       used 24654K, capacity 24885K, committed 25216K, reserved 1071104K
  class space    used 3068K, capacity 3117K, committed 3200K, reserved 1048576K
Event: 10.402 GC heap after
Heap after GC invocations=5 (full 3):
 par new generation   total 306688K, used 34048K [0x00000000c0000000, 0x00000000d4cc0000, 0x00000000d4cc0000)
  eden space 272640K,   0% used [0x00000000c0000000, 0x00000000c0000000, 0x00000000d0a40000)
  from space 34048K, 100% used [0x00000000d0a40000, 0x00000000d2b80000, 0x00000000d2b80000)
  to   space 34048K,   0% used [0x00000000d2b80000, 0x00000000d2b80000, 0x00000000d4cc0000)
 concurrent mark-sweep generation total 707840K, used 114940K [0x00000000d4cc0000, 0x0000000100000000, 0x0000000100000000)
 Metaspace       used 24654K, capacity 24885K, committed 25216K, reserved 1071104K
  class space    used 3068K, capacity 3117K, committed 3200K, reserved 1048576K
}
Event: 11.819 GC heap before
{Heap before GC invocations=5 (full 3):
 par new generation   total 306688K, used 306688K [0x00000000c0000000, 0x00000000d4cc0000, 0x00000000d4cc0000)
  eden space 272640K, 100% used [0x00000000c0000000, 0x00000000d0a40000, 0x00000000d0a40000)
  from space 34048K, 100% used [0x00000000d0a40000, 0x00000000d2b80000, 0x00000000d2b80000)
  to   space 34048K,   0% used [0x00000000d2b80000, 0x00000000d2b80000, 0x00000000d4cc0000)
 concurrent mark-sweep generation total 707840K, used 114940K [0x00000000d4cc0000, 0x0000000100000000, 0x0000000100000000)
 Metaspace       used 26099K, capacity 26357K, committed 26752K, reserved 1073152K
  class space    used 3265K, capacity 3373K, committed 3456K, reserved 1048576K
Event: 11.848 GC heap after
Heap after GC invocations=6 (full 3):
 par new generation   total 306688K, used 34047K [0x00000000c0000000, 0x00000000d4cc0000, 0x00000000d4cc0000)
  eden space 272640K,   0% used [0x00000000c0000000, 0x00000000c0000000, 0x00000000d0a40000)
  from space 34048K,  99% used [0x00000000d2b80000, 0x00000000d4cbfff8, 0x00000000d4cc0000)
  to   space 34048K,   0% used [0x00000000d0a40000, 0x00000000d0a40000, 0x00000000d2b80000)
 concurrent mark-sweep generation total 707840K, used 137959K [0x00000000d4cc0000, 0x0000000100000000, 0x0000000100000000)
 Metaspace       used 26099K, capacity 26357K, committed 26752K, reserved 1073152K
  class space    used 3265K, capacity 3373K, committed 3456K, reserved 1048576K
}
Event: 14.155 GC heap before
{Heap before GC invocations=6 (full 3):
 par new generation   total 306688K, used 306687K [0x00000000c0000000, 0x00000000d4cc0000, 0x00000000d4cc0000)
  eden space 272640K, 100% used [0x00000000c0000000, 0x00000000d0a40000, 0x00000000d0a40000)
  from space 34048K,  99% used [0x00000000d2b80000, 0x00000000d4cbfff8, 0x00000000d4cc0000)
  to   space 34048K,   0% used [0x00000000d0a40000, 0x00000000d0a40000, 0x00000000d2b80000)
 concurrent mark-sweep generation total 707840K, used 137840K [0x00000000d4cc0000, 0x0000000100000000, 0x0000000100000000)
 Metaspace       used 29218K, capacity 29521K, committed 29952K, reserved 1075200K
  class space    used 3664K, capacity 3741K, committed 3840K, reserved 1048576K
Event: 14.166 GC heap after
Heap after GC invocations=7 (full 3):
 par new generation   total 306688K, used 12317K [0x00000000c0000000, 0x00000000d4cc0000, 0x00000000d4cc0000)
  eden space 272640K,   0% used [0x00000000c0000000, 0x00000000c0000000, 0x00000000d0a40000)
  from space 34048K,  36% used [0x00000000d0a40000, 0x00000000d16475f0, 0x00000000d2b80000)
  to   space 34048K,   0% used [0x00000000d2b80000, 0x00000000d2b80000, 0x00000000d4cc0000)
 concurrent mark-sweep generation total 707840K, used 144815K [0x00000000d4cc0000, 0x0000000100000000, 0x0000000100000000)
 Metaspace       used 29218K, capacity 29521K, committed 29952K, reserved 1075200K
  class space    used 3664K, capacity 3741K, committed 3840K, reserved 1048576K
}

Deoptimization events (10 events):
Event: 14.400 Thread 0x0000000002f16800 Uncommon trap: reason=predicate action=maybe_recompile pc=0x0000000003cb54f4 method=javax.imageio.stream.MemoryCache.loadFromStream(Ljava/io/InputStream;J)J @ 59
Event: 14.401 Thread 0x0000000002f16800 Uncommon trap: reason=unstable_if action=reinterpret pc=0x0000000003ca1320 method=sun.awt.image.ByteInterleavedRaster.setDataElements(IIIIIILjava/awt/image/Raster;)V @ 54
Event: 14.401 Thread 0x0000000002f16800 Uncommon trap: reason=unstable_if action=reinterpret pc=0x0000000003c9be5c method=sun.awt.image.ByteInterleavedRaster.setDataElements(IIIIIILjava/awt/image/Raster;)V @ 54
Event: 14.401 Thread 0x0000000002f16800 Uncommon trap: reason=class_check action=maybe_recompile pc=0x0000000003c29254 method=java.awt.image.BufferedImage.getRGB(IIII[III)[I @ 205
Event: 14.401 Thread 0x0000000002f16800 Uncommon trap: reason=class_check action=maybe_recompile pc=0x000000000356faa4 method=java.awt.image.BufferedImage.getRGB(IIII[III)[I @ 205
Event: 14.408 Thread 0x0000000002f16800 Uncommon trap: reason=class_check action=maybe_recompile pc=0x0000000003c29254 method=java.awt.image.BufferedImage.getRGB(IIII[III)[I @ 205
Event: 14.408 Thread 0x0000000002f16800 Uncommon trap: reason=class_check action=maybe_recompile pc=0x000000000356faa4 method=java.awt.image.BufferedImage.getRGB(IIII[III)[I @ 205
Event: 14.434 Thread 0x0000000002f16800 Uncommon trap: reason=unstable_if action=reinterpret pc=0x0000000003cdb94c method=net.minecraft.client.renderer.texture.TextureUtil.generateMipmapData(II[[I)[[I @ 14
Event: 14.437 Thread 0x0000000002f16800 Uncommon trap: reason=unloaded action=reinterpret pc=0x0000000003ce4704 method=net.minecraft.client.renderer.texture.Stitcher$Slot.addSlot(Lnet/minecraft/client/renderer/texture/Stitcher$Holder;)Z @ 136
Event: 14.655 Thread 0x0000000002f16800 Uncommon trap: reason=unstable_if action=reinterpret pc=0x0000000003ce938c method=java.util.HashMap.removeNode(ILjava/lang/Object;Ljava/lang/Object;ZZ)Ljava/util/HashMap$Node; @ 58

Classes redefined (0 events):
No events

Internal exceptions (10 events):
Event: 14.859 Thread 0x000000001a5c1000 Exception <a 'org/lwjgl/LWJGLException'> (0x00000000c86de928) thrown at [C:\re\workspace\8-2-build-windows-amd64-cygwin\jdk8u171\10807\hotspot\src\share\vm\prims\jni.cpp, line 709]
Event: 14.859 Thread 0x000000001a5c1000 Exception <a 'org/lwjgl/LWJGLException'> (0x00000000c86dee88) thrown at [C:\re\workspace\8-2-build-windows-amd64-cygwin\jdk8u171\10807\hotspot\src\share\vm\prims\jni.cpp, line 709]
Event: 14.859 Thread 0x000000001a5c1000 Exception <a 'org/lwjgl/LWJGLException'> (0x00000000c86df528) thrown at [C:\re\workspace\8-2-build-windows-amd64-cygwin\jdk8u171\10807\hotspot\src\share\vm\prims\jni.cpp, line 709]
Event: 14.859 Thread 0x000000001a5c1000 Exception <a 'org/lwjgl/LWJGLException'> (0x00000000c86dfb80) thrown at [C:\re\workspace\8-2-build-windows-amd64-cygwin\jdk8u171\10807\hotspot\src\share\vm\prims\jni.cpp, line 709]
Event: 14.859 Thread 0x000000001a5c1000 Exception <a 'org/lwjgl/LWJGLException'> (0x00000000c86e0198) thrown at [C:\re\workspace\8-2-build-windows-amd64-cygwin\jdk8u171\10807\hotspot\src\share\vm\prims\jni.cpp, line 709]
Event: 14.859 Thread 0x000000001a5c1000 Exception <a 'org/lwjgl/LWJGLException'> (0x00000000c86e0748) thrown at [C:\re\workspace\8-2-build-windows-amd64-cygwin\jdk8u171\10807\hotspot\src\share\vm\prims\jni.cpp, line 709]
Event: 14.859 Thread 0x000000001a5c1000 Exception <a 'org/lwjgl/LWJGLException'> (0x00000000c86e0d08) thrown at [C:\re\workspace\8-2-build-windows-amd64-cygwin\jdk8u171\10807\hotspot\src\share\vm\prims\jni.cpp, line 709]
Event: 14.859 Thread 0x000000001a5c1000 Exception <a 'org/lwjgl/LWJGLException'> (0x00000000c86e1330) thrown at [C:\re\workspace\8-2-build-windows-amd64-cygwin\jdk8u171\10807\hotspot\src\share\vm\prims\jni.cpp, line 709]
Event: 14.859 Thread 0x000000001a5c1000 Exception <a 'org/lwjgl/LWJGLException'> (0x00000000c86e1988) thrown at [C:\re\workspace\8-2-build-windows-amd64-cygwin\jdk8u171\10807\hotspot\src\share\vm\prims\jni.cpp, line 709]
Event: 14.860 Thread 0x000000001a5c1000 Exception <a 'org/lwjgl/LWJGLException'> (0x00000000c86e1f38) thrown at [C:\re\workspace\8-2-build-windows-amd64-cygwin\jdk8u171\10807\hotspot\src\share\vm\prims\jni.cpp, line 709]

Events (10 events):
Event: 14.654 Executing VM operation: RevokeBias
Event: 14.654 Executing VM operation: RevokeBias done
Event: 14.655 Thread 0x0000000002f16800 Uncommon trap: trap_request=0xffffff65 fr.pc=0x0000000003ce938c
Event: 14.655 Thread 0x0000000002f16800 DEOPT PACKING pc=0x0000000003ce938c sp=0x0000000002f0e460
Event: 14.655 Thread 0x0000000002f16800 DEOPT UNPACKING pc=0x000000000305583b sp=0x0000000002f0e3d0 mode 2
Event: 14.656 Thread 0x000000001a5c0000 Thread added: 0x000000001a5c0000
Event: 14.656 Thread 0x000000001a5c1000 Thread added: 0x000000001a5c1000
Event: 14.856 Executing VM operation: RevokeBias
Event: 14.856 Executing VM operation: RevokeBias done
Event: 14.857 Thread 0x000000001a5bf800 Thread added: 0x000000001a5bf800


Dynamic libraries:
0x00007ff6d4fa0000 - 0x00007ff6d4fd7000 	C:\Program Files\Java\jre1.8.0_171\bin\javaw.exe
0x00007ffdca550000 - 0x00007ffdca745000 	C:\WINDOWS\SYSTEM32\ntdll.dll
0x00007ffdc8cf0000 - 0x00007ffdc8dad000 	C:\WINDOWS\System32\KERNEL32.DLL
0x00007ffdc7e80000 - 0x00007ffdc8149000 	C:\WINDOWS\System32\KERNELBASE.dll
0x00007ffdca050000 - 0x00007ffdca0fc000 	C:\WINDOWS\System32\ADVAPI32.dll
0x00007ffdc8db0000 - 0x00007ffdc8e4e000 	C:\WINDOWS\System32\msvcrt.dll
0x00007ffdc93e0000 - 0x00007ffdc947b000 	C:\WINDOWS\System32\sechost.dll
0x00007ffdc96f0000 - 0x00007ffdc981a000 	C:\WINDOWS\System32\RPCRT4.dll
0x00007ffdc9540000 - 0x00007ffdc96e0000 	C:\WINDOWS\System32\USER32.dll
0x00007ffdc8580000 - 0x00007ffdc85a2000 	C:\WINDOWS\System32\win32u.dll
0x00007ffdc86f0000 - 0x00007ffdc871a000 	C:\WINDOWS\System32\GDI32.dll
0x00007ffdc8420000 - 0x00007ffdc852b000 	C:\WINDOWS\System32\gdi32full.dll
0x00007ffdc7ce0000 - 0x00007ffdc7d7d000 	C:\WINDOWS\System32\msvcp_win.dll
0x00007ffdc7d80000 - 0x00007ffdc7e80000 	C:\WINDOWS\System32\ucrtbase.dll
0x00007ffdbbe40000 - 0x00007ffdbc0da000 	C:\WINDOWS\WinSxS\amd64_microsoft.windows.common-controls_6595b64144ccf1df_6.0.19041.1110_none_60b5254171f9507e\COMCTL32.dll
0x00007ffdc93b0000 - 0x00007ffdc93e0000 	C:\WINDOWS\System32\IMM32.DLL
0x0000000054770000 - 0x0000000054842000 	C:\Program Files\Java\jre1.8.0_171\bin\msvcr100.dll
0x0000000054aa0000 - 0x0000000055340000 	C:\Program Files\Java\jre1.8.0_171\bin\server\jvm.dll
0x00007ffdc9530000 - 0x00007ffdc9538000 	C:\WINDOWS\System32\PSAPI.DLL
0x00007ffdc1870000 - 0x00007ffdc1879000 	C:\WINDOWS\SYSTEM32\WSOCK32.dll
0x00007ffdc9840000 - 0x00007ffdc98ab000 	C:\WINDOWS\System32\WS2_32.dll
0x00007ffdb57b0000 - 0x00007ffdb57d7000 	C:\WINDOWS\SYSTEM32\WINMM.dll
0x00007ffdc13e0000 - 0x00007ffdc13ea000 	C:\WINDOWS\SYSTEM32\VERSION.dll
0x00000000549b0000 - 0x00000000549bf000 	C:\Program Files\Java\jre1.8.0_171\bin\verify.dll
0x0000000054980000 - 0x00000000549a9000 	C:\Program Files\Java\jre1.8.0_171\bin\java.dll
0x0000000054960000 - 0x0000000054976000 	C:\Program Files\Java\jre1.8.0_171\bin\zip.dll
0x00007ffdc9910000 - 0x00007ffdca04f000 	C:\WINDOWS\System32\SHELL32.dll
0x00007ffdc5d90000 - 0x00007ffdc6520000 	C:\WINDOWS\SYSTEM32\windows.storage.dll
0x00007ffdca100000 - 0x00007ffdca455000 	C:\WINDOWS\System32\combase.dll
0x00007ffdc76e0000 - 0x00007ffdc770c000 	C:\WINDOWS\SYSTEM32\Wldp.dll
0x00007ffdc9480000 - 0x00007ffdc952e000 	C:\WINDOWS\System32\SHCORE.dll
0x00007ffdc8630000 - 0x00007ffdc8685000 	C:\WINDOWS\System32\shlwapi.dll
0x00007ffdc7bc0000 - 0x00007ffdc7bdf000 	C:\WINDOWS\SYSTEM32\profapi.dll
0x0000000054760000 - 0x000000005476d000 	C:\Program Files\Java\jre1.8.0_171\bin\management.dll
0x0000000054940000 - 0x000000005495a000 	C:\Program Files\Java\jre1.8.0_171\bin\net.dll
0x00007ffdc7440000 - 0x00007ffdc74aa000 	C:\WINDOWS\system32\mswsock.dll
0x0000000054920000 - 0x0000000054931000 	C:\Program Files\Java\jre1.8.0_171\bin\nio.dll
0x00007ffdae8a0000 - 0x00007ffdae8b7000 	C:\WINDOWS\system32\napinsp.dll
0x00007ffdae250000 - 0x00007ffdae26b000 	C:\WINDOWS\system32\pnrpnsp.dll
0x00007ffdae230000 - 0x00007ffdae245000 	C:\WINDOWS\system32\wshbth.dll
0x00007ffdc3380000 - 0x00007ffdc339d000 	C:\WINDOWS\system32\NLAapi.dll
0x00007ffdc7060000 - 0x00007ffdc709b000 	C:\WINDOWS\SYSTEM32\IPHLPAPI.DLL
0x00007ffdc70a0000 - 0x00007ffdc716c000 	C:\WINDOWS\SYSTEM32\DNSAPI.dll
0x00007ffdc96e0000 - 0x00007ffdc96e8000 	C:\WINDOWS\System32\NSI.dll
0x00007ffdae210000 - 0x00007ffdae222000 	C:\WINDOWS\System32\winrnr.dll
0x00007ffdbc4b0000 - 0x00007ffdbc4ba000 	C:\Windows\System32\rasadhlp.dll
0x00007ffdbc8e0000 - 0x00007ffdbc95f000 	C:\WINDOWS\System32\fwpuclnt.dll
0x00007ffdc8340000 - 0x00007ffdc8367000 	C:\WINDOWS\System32\bcrypt.dll
0x0000000180000000 - 0x0000000180051000 	C:\Users\fox25\.gradle\caches\minecraft\net\minecraft\minecraft_natives\1.7.10\lwjgl64.dll
0x00007ffd95170000 - 0x00007ffd95295000 	C:\WINDOWS\SYSTEM32\OPENGL32.dll
0x00007ffdb2540000 - 0x00007ffdb256c000 	C:\WINDOWS\SYSTEM32\GLU32.dll
0x00007ffdc7630000 - 0x00007ffdc7648000 	C:\WINDOWS\SYSTEM32\CRYPTSP.dll
0x00007ffdc6cf0000 - 0x00007ffdc6d24000 	C:\WINDOWS\system32\rsaenh.dll
0x00007ffdc7b80000 - 0x00007ffdc7bae000 	C:\WINDOWS\SYSTEM32\USERENV.dll
0x00007ffdc82b0000 - 0x00007ffdc8333000 	C:\WINDOWS\System32\bcryptprimitives.dll
0x00007ffdc7650000 - 0x00007ffdc765c000 	C:\WINDOWS\SYSTEM32\CRYPTBASE.dll
0x00007ffdc17b0000 - 0x00007ffdc17c7000 	C:\WINDOWS\SYSTEM32\dhcpcsvc6.DLL
0x00007ffdc1790000 - 0x00007ffdc17ad000 	C:\WINDOWS\SYSTEM32\dhcpcsvc.DLL
0x00000000545c0000 - 0x0000000054758000 	C:\Program Files\Java\jre1.8.0_171\bin\awt.dll
0x00007ffdc8a80000 - 0x00007ffdc8b4d000 	C:\WINDOWS\System32\OLEAUT32.dll
0x00007ffdc5210000 - 0x00007ffdc52a0000 	C:\WINDOWS\SYSTEM32\apphelp.dll
0x00007ffdc0d80000 - 0x00007ffdc0e2e000 	C:\WINDOWS\SYSTEM32\mscms.dll
0x00007ffdc0cf0000 - 0x00007ffdc0d01000 	C:\WINDOWS\SYSTEM32\ColorAdapterClient.dll
0x00007ffdc6520000 - 0x00007ffdc6532000 	C:\WINDOWS\SYSTEM32\kernel.appcore.dll
0x00007ffdc53b0000 - 0x00007ffdc544e000 	C:\WINDOWS\system32\uxtheme.dll
0x00007ffdc8720000 - 0x00007ffdc8835000 	C:\WINDOWS\System32\MSCTF.dll
0x00007ffdca460000 - 0x00007ffdca509000 	C:\WINDOWS\System32\clbcatq.dll
0x00007ffd6efd0000 - 0x00007ffd719ae000 	C:\WINDOWS\System32\DriverStore\FileRepository\nv_dispi.inf_amd64_d71d3f5ea7618cbb\nvoglv64.dll
0x00007ffdc8f30000 - 0x00007ffdc93a2000 	C:\WINDOWS\System32\SETUPAPI.dll
0x00007ffdc8530000 - 0x00007ffdc857e000 	C:\WINDOWS\System32\cfgmgr32.dll
0x00007ffdc8b50000 - 0x00007ffdc8c7a000 	C:\WINDOWS\System32\ole32.dll
0x00007ffdc27b0000 - 0x00007ffdc27c4000 	C:\WINDOWS\SYSTEM32\WTSAPI32.dll
0x00007ffdc7860000 - 0x00007ffdc7872000 	C:\WINDOWS\SYSTEM32\msasn1.dll
0x00007ffdc13a0000 - 0x00007ffdc13d1000 	C:\WINDOWS\SYSTEM32\cryptnet.dll
0x00007ffdc8150000 - 0x00007ffdc82af000 	C:\WINDOWS\System32\CRYPT32.dll
0x00007ffdc7a20000 - 0x00007ffdc7a54000 	C:\WINDOWS\System32\DEVOBJ.dll
0x00007ffdc7c80000 - 0x00007ffdc7ce0000 	C:\WINDOWS\System32\WINTRUST.dll
0x00007ffdc6950000 - 0x00007ffdc6983000 	C:\WINDOWS\SYSTEM32\ntmarta.dll
0x00007ffdc12b0000 - 0x00007ffdc12eb000 	C:\WINDOWS\SYSTEM32\dxcore.dll
0x00007ffd94140000 - 0x00007ffd94403000 	C:\WINDOWS\system32\nvspcap64.dll
0x00007ffdc5490000 - 0x00007ffdc54bf000 	C:\WINDOWS\SYSTEM32\dwmapi.dll
0x00007ffdaa880000 - 0x00007ffdaa979000 	C:\WINDOWS\SYSTEM32\textinputframework.dll
0x00007ffdc4fe0000 - 0x00007ffdc50d2000 	C:\WINDOWS\System32\CoreMessaging.dll
0x00007ffdc4c80000 - 0x00007ffdc4fde000 	C:\WINDOWS\System32\CoreUIComponents.dll
0x00007ffdc4b20000 - 0x00007ffdc4c74000 	C:\WINDOWS\SYSTEM32\wintypes.dll
0x00007ffdb24f0000 - 0x00007ffdb2533000 	C:\WINDOWS\SYSTEM32\icm32.dll
0x00007ffdc7340000 - 0x00007ffdc738b000 	C:\WINDOWS\SYSTEM32\powrprof.dll
0x00007ffdc7320000 - 0x00007ffdc7332000 	C:\WINDOWS\SYSTEM32\UMPDC.dll
0x00007ffdc72c0000 - 0x00007ffdc731a000 	C:\WINDOWS\SYSTEM32\WINSTA.dll
0x0000000070a40000 - 0x0000000070adc000 	C:\Users\fox25\.gradle\caches\minecraft\net\minecraft\minecraft_natives\1.7.10\avutil-ttv-51.dll
0x0000000065980000 - 0x00000000659d6000 	C:\Users\fox25\.gradle\caches\minecraft\net\minecraft\minecraft_natives\1.7.10\swresample-ttv-0.dll
0x000000006eb80000 - 0x000000006ec50000 	C:\Users\fox25\.gradle\caches\minecraft\net\minecraft\minecraft_natives\1.7.10\libmp3lame-ttv.dll
0x00007ffd5bdd0000 - 0x00007ffd5d174000 	C:\Users\fox25\.gradle\caches\minecraft\net\minecraft\minecraft_natives\1.7.10\libmfxsw64.dll
0x00007ffd8fb10000 - 0x00007ffd8fc3b000 	C:\Users\fox25\.gradle\caches\minecraft\net\minecraft\minecraft_natives\1.7.10\twitchsdk.dll
0x00007ffdb1080000 - 0x00007ffdb1553000 	C:\WINDOWS\SYSTEM32\WININET.dll
0x0000000024910000 - 0x0000000024974000 	C:\Users\fox25\.gradle\caches\minecraft\net\minecraft\minecraft_natives\1.7.10\OpenAL64.dll
0x00007ffdc2590000 - 0x00007ffdc2615000 	C:\WINDOWS\System32\MMDevApi.dll
0x00007ffdb3c70000 - 0x00007ffdb3d0c000 	C:\WINDOWS\SYSTEM32\dsound.dll
0x00007ffdb51c0000 - 0x00007ffdb51e6000 	C:\WINDOWS\SYSTEM32\winmmbase.dll
0x00007ffdc2620000 - 0x00007ffdc27a1000 	C:\WINDOWS\SYSTEM32\AUDIOSES.DLL
0x00007ffdc52a0000 - 0x00007ffdc52b4000 	C:\WINDOWS\SYSTEM32\resourcepolicyclient.dll
0x00007ffdc5a20000 - 0x00007ffdc5c04000 	C:\WINDOWS\SYSTEM32\dbghelp.dll

VM Arguments:
jvm_args: -Xincgc -Xmx1024M -Xms1024M -Dfile.encoding=Cp1252 
java_command: GradleStart --username KrishenK
java_class_path (initial): C:\Users\fox25\Documents\Castel\Castel\bin;C:\Users\fox25\.gradle\caches\minecraft\net\minecraftforge\forge\1.7.10-10.13.4.1614-1.7.10\forgeSrc-1.7.10-10.13.4.1614-1.7.10.jar;C:\Users\fox25\.gradle\caches\modules-2\files-2.1\net.minecraft\launchwrapper\1.12\111e7bea9c968cdb3d06ef4632bf7ff0824d0f36\launchwrapper-1.12.jar;C:\Users\fox25\.gradle\caches\modules-2\files-2.1\com.google.code.findbugs\jsr305\1.3.9\40719ea6961c0cb6afaeb6a921eaa1f6afd4cfdf\jsr305-1.3.9.jar;C:\Users\fox25\.gradle\caches\modules-2\files-2.1\org.ow2.asm\asm-debug-all\5.0.3\f9e364ae2a66ce2a543012a4668856e84e5dab74\asm-debug-all-5.0.3.jar;C:\Users\fox25\.gradle\caches\modules-2\files-2.1\com.typesafe.akka\akka-actor_2.11\2.3.3\ed62e9fc709ca0f2ff1a3220daa8b70a2870078e\akka-actor_2.11-2.3.3.jar;C:\Users\fox25\.gradle\caches\modules-2\files-2.1\com.typesafe\config\1.2.1\f771f71fdae3df231bcd54d5ca2d57f0bf93f467\config-1.2.1.jar;C:\Users\fox25\.gradle\caches\modules-2\files-2.1\org.scala-lang\scala-actors-migration_2.11\1.1.0\dfa8bc42b181d5b9f1a5dd147f8ae308b893eb6f\scala-actors-migration_2.11-1.1.0.jar;C:\Users\fox25\.gradle\caches\modules-2\files-2.1\org.scala-lang\scala-compiler\2.11.1\56ea2e6c025e0821f28d73ca271218b8dd04926a\scala-compiler-2.11.1.jar;C:\Users\fox25\.gradle\caches\modules-2\files-2.1\org.scala-lang.plugins\scala-continuations-library_2.11\1.0.2\e517c53a7e9acd6b1668c5a35eccbaa3bab9aac\scala-continuations-library_2.11-1.0.2.jar;C:\Users\fox25\.gradle\caches\modules-2\files-2.1\org.scala-lang.plugins\scala-continuations-plugin_2.11.1\1.0.2\f361a3283452c57fa30c1ee69448995de23c60f7\scala-continuations-plugin_2.11.1-1.0.2.jar;C:\Users\fox25\.gradle\caches\modules-2\files-2.1\org.scala-lang\scala-library\2.11.1\e11da23da3eabab9f4777b9220e60d44c1aab6a\scala-library-2.11.1.jar;C:\Users\fox25\.gradle\caches\modules-2\files-2.1\org.scala-lang\scala-parser-combinators_2.11\1.0.1\f05d7345bf5a58924f2837c6c1f4d73a938e1ff0\scala-parser-combinators_2.11-1.0.1.jar;C:\User
Launcher Type: SUN_STANDARD

Environment Variables:
JAVA_HOME=C:\Program Files\Java\jdk1.8.0_251
PATH=C:/Program Files/Java/jre1.8.0_171/bin/server;C:/Program Files/Java/jre1.8.0_171/bin;C:/Program Files/Java/jre1.8.0_171/lib/amd64;C:\Program Files (x86)\Common Files\Oracle\Java\javapath;C:\ProgramData\Oracle\Java\javapath;C:\Program Files (x86)\Common Files\Intel\Shared Libraries\redist\intel64\compiler;C:\Windows\system32;C:\Windows;C:\Windows\System32\Wbem;C:\Windows\System32\WindowsPowerShell\v1.0\;C:\Windows\System32\OpenSSH\;C:\Program Files\NVIDIA Corporation\NVIDIA NvDLISR;C:\Program Files\WorldPainter;C:\WINDOWS\system32;C:\WINDOWS;C:\WINDOWS\System32\Wbem;C:\WINDOWS\System32\WindowsPowerShell\v1.0\;C:\WINDOWS\System32\OpenSSH\;C:\Program Files (x86)\NVIDIA Corporation\PhysX\Common;C:\Program Files\Java\jdk1.8.0_251\bin;C:\WINDOWS\system32;C:\WINDOWS;C:\WINDOWS\System32\Wbem;C:\WINDOWS\System32\WindowsPowerShell\v1.0\;C:\WINDOWS\System32\OpenSSH\;C:\Program Files\Git\cmd;C:\Users\fox25\AppData\Local\Programs\Python\Python38-32\Scripts\;C:\Users\fox25\AppData\Local\Programs\Python\Python38-32\;C:\Users\fox25\AppData\Local\Microsoft\WindowsApps;C:\Users\fox25\AppData\Local\atom\bin;C:\Program Files\Java\jdk1.8.0_251\bin;;C:\Users\fox25\AppData\Local\Microsoft\WindowsApps;C:\Users\fox25\AppData\Local\Programs\Microsoft VS Code\bin;C:\Users\fox25\eclipse\java-2019-03\eclipse;
USERNAME=fox25
OS=Windows_NT
PROCESSOR_IDENTIFIER=Intel64 Family 6 Model 158 Stepping 9, GenuineIntel



---------------  S Y S T E M  ---------------

OS: Windows 10.0 , 64 bit Build 19041 (10.0.19041.1151)

CPU:total 4 (initial active 4) (4 cores per cpu, 1 threads per core) family 6 model 158 stepping 9, cmov, cx8, fxsr, mmx, sse, sse2, sse3, ssse3, sse4.1, sse4.2, popcnt, avx, avx2, aes, clmul, erms, rtm, 3dnowpref, lzcnt, tsc, tscinvbit, bmi1, bmi2, adx

Memory: 4k page, physical 16734884k(9390072k free), swap 24642244k(12815424k free)

vm_info: Java HotSpot(TM) 64-Bit Server VM (25.171-b11) for windows-amd64 JRE (1.8.0_171-b11), built on Mar 28 2018 16:06:12 by "java_re" with MS VC++ 10.0 (VS2010)

time: Wed Sep 01 23:24:04 2021
elapsed time: 14 seconds (0d 0h 0m 14s)

